1.969556899015787940e-02
1.294933720440724634e-02
1.292487834741122381e-02
1.190764606952161332e-02
1.217740181049133466e-02
1.138122961973182454e-02
1.012342696181023349e-02
8.180312166053778714e-03
6.557491459955511540e-03
5.897434388915677450e-03
5.668008114700972232e-03
5.610672869920984782e-03
5.490856253956480533e-03
5.435544422449604431e-03
5.157989577842305232e-03
5.026249786660383530e-03
4.837440354013152269e-03
4.655383669832042180e-03
4.233875452548953831e-03
3.929010851254197481e-03
3.348755312468519076e-03
2.950532152724461184e-03
2.416818511993642626e-03
1.948530206452168262e-03
2.164916515636877183e-03
3.855586052779418245e-03
1.508682991836839777e-03
1.299502060653741483e-03
2.045112925654527392e-03
1.135908414577769610e-03
1.483497058291982206e-03
1.016900814414005687e-03
5.769384532290130606e-04
8.521229062148830526e-04
4.441724187620324309e-04
4.833513980411079146e-04
5.630309673137944481e-04
3.663109145584621728e-04
3.085489297295864104e-04
2.762840106195422595e-04
2.894515241004966483e-04
2.887256319534648569e-04
2.065237354080212511e-04
5.129897134593096883e-04
1.904935114464145101e-04
2.025903244537255747e-04
2.025391672003434211e-04
1.934085437100087129e-04
2.859201918016292666e-04
1.571147883812068621e-04
1.894353552826057488e-04
1.402404022806698206e-04
2.565386121141852421e-04
1.316054782586364134e-04
1.517382492365830081e-04
1.517447261529951993e-04
1.990782305868573818e-04
1.188671840531418532e-04
1.128156770014307827e-04
1.181074169002769002e-04
1.197866449370403450e-04
1.112052707157012293e-04
1.065896048095084299e-04
9.857565435232945269e-05
1.358202719940390646e-04
1.030510926429675702e-04
9.009765159756049626e-05
9.326413290158683733e-05
1.200930204736009948e-04
8.225593576691221805e-05
8.537350137261365713e-05
1.451509423840120576e-04
7.551981712775333909e-05
8.729871514987903012e-05
1.129730877145562035e-04
8.912071461014646197e-05
6.413485468992311694e-05
7.094289147671358853e-05
2.042456932779508692e-04
6.216189778836830968e-05
8.501600048607073823e-05
1.152422795520159139e-04
7.802050916582580929e-05
1.106448541984852399e-04
1.636025741791850157e-04
1.151063221028685528e-04
8.969808805102916260e-05
7.586737153459307301e-05
1.349725142039692749e-04
5.644377848954820406e-05
1.883185553772285083e-04
1.579182005266569129e-04
6.919736346497393339e-05
4.742009576000008478e-05
